            --------------------------------------------------------
                             AMBER SQM VERSION 19
 
                                     By
              Ross C. Walker, Michael F. Crowley, Scott Brozell,
                         Tim Giese, Andreas W. Goetz,
                        Tai-Sung Lee and David A. Case
 
            --------------------------------------------------------
 

--------------------------------------------------------------------------------
  QM CALCULATION INFO
--------------------------------------------------------------------------------

| QMMM: Citation for AMBER QMMM Run:
| QMMM: R.C. Walker, M.F. Crowley and D.A. Case, J. COMP. CHEM. 29:1019, 2008

QMMM: SINGLET STATE CALCULATION
QMMM: RHF CALCULATION, NO. OF DOUBLY OCCUPIED LEVELS = 13

| QMMM: *** Selected Hamiltonian *** 
| QMMM: AM1         

| QMMM: *** Parameter sets in use ***
| QMMM: C : M.J.S.DEWAR et al. JACS, 107, 3902, (1985)
| QMMM: H : M.J.S.DEWAR et al. JACS, 107, 3902, (1985)

| QMMM: *** SCF convergence criteria ***
| QMMM: Energy change                :  0.1D-09 kcal/mol
| QMMM: Error matrix |FP-PF|         :  0.1D+00 au
| QMMM: Density matrix change        :  0.5D-06
| QMMM: Maximum number of SCF cycles :     1000

| QMMM: *** Diagonalization Routine Information ***
| QMMM: Pseudo diagonalizations are allowed.
| QMMM: Auto diagonalization routine selection is in use.
| QMMM:
| QMMM: Timing diagonalization routines:
| QMMM:                              norbs =       26
| QMMM:    diag iterations used for timing =       20
| QMMM:
| QMMM:              Internal diag routine = 0.001517 seconds
| QMMM:                 Dspev diag routine = 0.003900 seconds
| QMMM:                Dspevd diag routine = 0.003125 seconds
| QMMM:                Dspevx diag routine = 0.008099 seconds
| QMMM:                 Dsyev diag routine = 0.002670 seconds
| QMMM:                Dsyevd diag routine = 0.002660 seconds
| QMMM:                Dsyevr diag routine = 0.002629 seconds
| QMMM:
| QMMM:                Pseudo diag routine = 0.000423 seconds
| QMMM:
| QMMM: Using internal diagonalization routine (diag_routine=1).

  QMMM: QM Region Cartesian Coordinates (*=link atom) 
  QMMM: QM_NO.   MM_NO.  ATOM         X         Y         Z
  QMMM:     1        1      C        2.9130    1.1580   -1.9900
  QMMM:     2        2      C        1.2850    0.9130   -1.6060
  QMMM:     3        3      C        1.0690   -0.0080   -0.1230
  QMMM:     4        4      C       -0.4950   -0.3110    0.4340
  QMMM:     5        5      H        3.5270    1.2410   -1.0750
  QMMM:     6        6      H        3.3170    0.3140   -2.5700
  QMMM:     7        7      H        3.0580    2.0750   -2.5730
  QMMM:     8        8      H        0.7740    1.8850   -1.5170
  QMMM:     9        9      H        0.7910    0.3850   -2.4360
  QMMM:    10       10      H        1.5910   -0.9720   -0.2330
  QMMM:    11       11      H        1.6160    0.5130    0.6790
  QMMM:    12       12      H       -0.5420   -0.2630    1.5310
  QMMM:    13       13      H       -1.2070    0.4320    0.0300
  QMMM:    14       14      H       -0.8420   -1.3000    0.1130

--------------------------------------------------------------------------------
  RESULTS
--------------------------------------------------------------------------------

      iter         sqm energy              rms gradient
      ----    -------------------    -----------------------
xmin    10      -30.6036 kcal/mol        0.7357 kcal/(mol*A)
xmin    20      -30.8672 kcal/mol        0.4336 kcal/(mol*A)
xmin    30      -31.1233 kcal/mol        0.5623 kcal/(mol*A)
xmin    40      -31.1786 kcal/mol        0.1628 kcal/(mol*A)
xmin    50      -31.2002 kcal/mol        0.0782 kcal/(mol*A)
xmin    60      -31.2039 kcal/mol        0.0062 kcal/(mol*A)
xmin    70      -31.2040 kcal/mol        0.0376 kcal/(mol*A)
xmin    80      -31.2041 kcal/mol        0.0033 kcal/(mol*A)
xmin    90      -31.2041 kcal/mol        0.0011 kcal/(mol*A)
xmin   100      -31.2041 kcal/mol        0.0005 kcal/(mol*A)
  ... geometry converged !
 
 Final MO eigenvalues (eV):
 -36.2653  -30.7745  -24.3597  -21.5147  -16.1762  -14.7263  -14.5761  -13.9113
 -12.7086  -12.0845  -11.9839  -11.5210  -11.1718    3.8287    3.8931    4.3051
   4.3494    4.5164    4.7599    4.8577    4.8816    5.0958    5.1364    5.1946
   5.2658    5.3517

 Heat of formation   =        -31.20407424 kcal/mol  (       -1.35311020 eV)

 Total SCF energy    =     -15008.44620645 kcal/mol  (     -650.81506467 eV)
 Electronic energy   =     -56613.21932389 kcal/mol  (    -2454.93340809 eV)
 Core-core repulsion =      41604.77311744 kcal/mol  (     1804.11834341 eV)
 
    Atomic Charges for Step       1 :
  Atom    Element       Mulliken Charge
     1      C                 -0.210
     2      C                 -0.159
     3      C                 -0.159
     4      C                 -0.210
     5      H                  0.072
     6      H                  0.072
     7      H                  0.071
     8      H                  0.078
     9      H                  0.078
    10      H                  0.078
    11      H                  0.078
    12      H                  0.071
    13      H                  0.072
    14      H                  0.072
 Total Mulliken Charge =      -0.000
 
                  X        Y        Z     TOTAL  
  QM DIPOLE    -0.000   -0.000   -0.000    0.000
 
 Final Structure

  QMMM: QM Region Cartesian Coordinates (*=link atom) 
  QMMM: QM_NO.   MM_NO.  ATOM         X         Y         Z
  QMMM:     1        1      C        2.6686    1.0525   -1.8841
  QMMM:     2        2      C        1.2418    0.8102   -1.4651
  QMMM:     3        3      C        1.1661    0.0559   -0.1542
  QMMM:     4        4      C       -0.2608   -0.1866    0.2646
  QMMM:     5        5      H        3.2093    1.6536   -1.1135
  QMMM:     6        6      H        3.2107    0.0849   -2.0161
  QMMM:     7        7      H        2.7004    1.6092   -2.8516
  QMMM:     8        8      H        0.7072    1.7914   -1.3618
  QMMM:     9        9      H        0.7086    0.2269   -2.2618
  QMMM:    10       10      H        1.7008   -0.9252   -0.2575
  QMMM:    11       11      H        1.6991    0.6392    0.6425
  QMMM:    12       12      H       -0.2925   -0.7432    1.2322
  QMMM:    13       13      H       -0.8030    0.7810    0.3964
  QMMM:    14       14      H       -0.8013   -0.7878   -0.5059

           --------- Calculation Completed ----------

