            --------------------------------------------------------
                             AMBER SQM VERSION 19
 
                                     By
              Ross C. Walker, Michael F. Crowley, Scott Brozell,
                         Tim Giese, Andreas W. Goetz,
                        Tai-Sung Lee and David A. Case
 
            --------------------------------------------------------
 

--------------------------------------------------------------------------------
  QM CALCULATION INFO
--------------------------------------------------------------------------------

| QMMM: Citation for AMBER QMMM Run:
| QMMM: R.C. Walker, M.F. Crowley and D.A. Case, J. COMP. CHEM. 29:1019, 2008

QMMM: SINGLET STATE CALCULATION
QMMM: RHF CALCULATION, NO. OF DOUBLY OCCUPIED LEVELS = 13

| QMMM: *** Selected Hamiltonian *** 
| QMMM: AM1         

| QMMM: *** Parameter sets in use ***
| QMMM: C : M.J.S.DEWAR et al. JACS, 107, 3902, (1985)
| QMMM: O : M.J.S.DEWAR et al. JACS, 107, 3902, (1985)
| QMMM: H : M.J.S.DEWAR et al. JACS, 107, 3902, (1985)

| QMMM: *** SCF convergence criteria ***
| QMMM: Energy change                :  0.1D-09 kcal/mol
| QMMM: Error matrix |FP-PF|         :  0.1D+00 au
| QMMM: Density matrix change        :  0.5D-06
| QMMM: Maximum number of SCF cycles :     1000

| QMMM: *** Diagonalization Routine Information ***
| QMMM: Pseudo diagonalizations are allowed.
| QMMM: Auto diagonalization routine selection is in use.
| QMMM:
| QMMM: Timing diagonalization routines:
| QMMM:                              norbs =       22
| QMMM:    diag iterations used for timing =       20
| QMMM:
| QMMM:              Internal diag routine = 0.001417 seconds
| QMMM:                 Dspev diag routine = 0.004023 seconds
| QMMM:                Dspevd diag routine = 0.003051 seconds
| QMMM:                Dspevx diag routine = 0.006810 seconds
| QMMM:                 Dsyev diag routine = 0.002819 seconds
| QMMM:                Dsyevd diag routine = 0.002908 seconds
| QMMM:                Dsyevr diag routine = 0.002444 seconds
| QMMM:
| QMMM:                Pseudo diag routine = 0.000248 seconds
| QMMM:
| QMMM: Using internal diagonalization routine (diag_routine=1).

  QMMM: QM Region Cartesian Coordinates (*=link atom) 
  QMMM: QM_NO.   MM_NO.  ATOM         X         Y         Z
  QMMM:     1        1      C        0.6360    1.3470    0.4890
  QMMM:     2        2      C        0.0250   -0.0490    0.2740
  QMMM:     3        3      O        1.0580   -1.0030    0.0580
  QMMM:     4        4      O       -0.3970    2.3010    0.7060
  QMMM:     5        5      H        1.2960    1.3350    1.3590
  QMMM:     6        6      H        1.2130    1.6410   -0.3900
  QMMM:     7        7      H       -0.6350   -0.0380   -0.5960
  QMMM:     8        8      H       -0.5520   -0.3440    1.1540
  QMMM:     9        9      H        0.5890   -1.8550   -0.0690
  QMMM:    10       10      H        0.0720    3.1520    0.8330

--------------------------------------------------------------------------------
  RESULTS
--------------------------------------------------------------------------------

      iter         sqm energy              rms gradient
      ----    -------------------    -----------------------
xmin    10     -107.5717 kcal/mol        0.0221 kcal/(mol*A)
xmin    20     -107.5720 kcal/mol        0.0351 kcal/(mol*A)
xmin    30     -107.5721 kcal/mol        0.0103 kcal/(mol*A)
xmin    40     -107.5721 kcal/mol        0.0052 kcal/(mol*A)
xmin    50     -107.5721 kcal/mol        0.0058 kcal/(mol*A)
xmin    60     -107.5721 kcal/mol        0.0012 kcal/(mol*A)
xmin    70     -107.5721 kcal/mol        0.0026 kcal/(mol*A)
  ... geometry converged !
 
 Final MO eigenvalues (eV):
 -38.8595  -37.2962  -29.7532  -23.0856  -19.0937  -17.6831  -16.7640  -15.1021
 -14.3538  -14.1964  -12.1538  -11.3872  -10.8259    3.0238    3.7828    3.9532
   4.1734    4.2540    4.5026    4.6552    6.0872    6.1646

 Heat of formation   =       -107.57209107 kcal/mol  (       -4.66467591 eV)

 Total SCF energy    =     -22609.36822166 kcal/mol  (     -980.41577649 eV)
 Electronic energy   =     -64056.33996123 kcal/mol  (    -2777.69133868 eV)
 Core-core repulsion =      41446.97173957 kcal/mol  (     1797.27556219 eV)
 
    Atomic Charges for Step       1 :
  Atom    Element       Mulliken Charge
     1      C                 -0.023
     2      C                 -0.023
     3      O                 -0.331
     4      O                 -0.331
     5      H                  0.075
     6      H                  0.075
     7      H                  0.075
     8      H                  0.075
     9      H                  0.204
    10      H                  0.204
 Total Mulliken Charge =      -0.000
 
                  X        Y        Z     TOTAL  
  QM DIPOLE     0.000   -0.000    0.001    0.001
 
 Final Structure

  QMMM: QM Region Cartesian Coordinates (*=link atom) 
  QMMM: QM_NO.   MM_NO.  ATOM         X         Y         Z
  QMMM:     1        1      C        0.6611    1.3288    0.4865
  QMMM:     2        2      C       -0.0001   -0.0315    0.2775
  QMMM:     3        3      O        1.0541   -0.9568    0.0663
  QMMM:     4        4      O       -0.3932    2.2544    0.6963
  QMMM:     5        5      H        1.3392    1.2979    1.3796
  QMMM:     6        6      H        1.2584    1.6135   -0.4193
  QMMM:     7        7      H       -0.6790   -0.0002   -0.6150
  QMMM:     8        8      H       -0.5965   -0.3167    1.1837
  QMMM:     9        9      H        0.6383   -1.8164   -0.0660
  QMMM:    10       10      H        0.0226    3.1140    0.8284

           --------- Calculation Completed ----------

