            --------------------------------------------------------
                             AMBER SQM VERSION 19
 
                                     By
              Ross C. Walker, Michael F. Crowley, Scott Brozell,
                         Tim Giese, Andreas W. Goetz,
                        Tai-Sung Lee and David A. Case
 
            --------------------------------------------------------
 

--------------------------------------------------------------------------------
  QM CALCULATION INFO
--------------------------------------------------------------------------------

| QMMM: Citation for AMBER QMMM Run:
| QMMM: R.C. Walker, M.F. Crowley and D.A. Case, J. COMP. CHEM. 29:1019, 2008

QMMM: SINGLET STATE CALCULATION
QMMM: RHF CALCULATION, NO. OF DOUBLY OCCUPIED LEVELS = 22

| QMMM: *** Selected Hamiltonian *** 
| QMMM: AM1         

| QMMM: *** Parameter sets in use ***
| QMMM: C : M.J.S.DEWAR et al. JACS, 107, 3902, (1985)
| QMMM: H : M.J.S.DEWAR et al. JACS, 107, 3902, (1985)

| QMMM: *** SCF convergence criteria ***
| QMMM: Energy change                :  0.1D-09 kcal/mol
| QMMM: Error matrix |FP-PF|         :  0.1D+00 au
| QMMM: Density matrix change        :  0.5D-06
| QMMM: Maximum number of SCF cycles :     1000

| QMMM: *** Diagonalization Routine Information ***
| QMMM: Pseudo diagonalizations are allowed.
| QMMM: Auto diagonalization routine selection is in use.
| QMMM:
| QMMM: Timing diagonalization routines:
| QMMM:                              norbs =       44
| QMMM:    diag iterations used for timing =       20
| QMMM:
| QMMM:              Internal diag routine = 0.007283 seconds
| QMMM:                 Dspev diag routine = 0.008450 seconds
| QMMM:                Dspevd diag routine = 0.008547 seconds
| QMMM:                Dspevx diag routine = 0.026020 seconds
| QMMM:                 Dsyev diag routine = 0.010821 seconds
| QMMM:                Dsyevd diag routine = 0.008649 seconds
| QMMM:                Dsyevr diag routine = 0.009318 seconds
| QMMM:
| QMMM:                Pseudo diag routine = 0.001827 seconds
| QMMM:
| QMMM: Using internal diagonalization routine (diag_routine=1).

  QMMM: QM Region Cartesian Coordinates (*=link atom) 
  QMMM: QM_NO.   MM_NO.  ATOM         X         Y         Z
  QMMM:     1        1      C        0.1860   -1.9680   -0.8620
  QMMM:     2        2      C        1.1770   -0.8590   -0.4350
  QMMM:     3        3      C        1.4010    0.2030   -1.5520
  QMMM:     4        4      C        2.4350    1.3410   -1.2400
  QMMM:     5        5      C        2.0270    2.1830    0.0030
  QMMM:     6        6      C        2.6440    2.3040   -2.4590
  QMMM:     7        7      C        3.2070    1.6560   -3.7460
  QMMM:     8        8      H        0.0650   -2.6880   -0.0500
  QMMM:     9        9      H        0.5570   -2.4960   -1.7430
  QMMM:    10       10      H       -0.7890   -1.5340   -1.0930
  QMMM:    11       11      H        0.7810   -0.3860    0.4670
  QMMM:    12       12      H        2.1340   -1.3250   -0.1820
  QMMM:    13       13      H        1.7430   -0.3470   -2.4310
  QMMM:    14       14      H        0.4370    0.6560   -1.8000
  QMMM:    15       15      H        3.3980    0.8730   -1.0130
  QMMM:    16       16      H        2.7350    2.9970    0.1680
  QMMM:    17       17      H        2.0210    1.5720    0.9070
  QMMM:    18       18      H        1.0340    2.6170   -0.1340
  QMMM:    19       19      H        3.3520    3.0870   -2.1710
  QMMM:    20       20      H        1.6960    2.7930   -2.7070
  QMMM:    21       21      H        3.4320    2.4330   -4.4770
  QMMM:    22       22      H        2.4790    0.9780   -4.1940
  QMMM:    23       23      H        4.1250    1.1070   -3.5320

--------------------------------------------------------------------------------
  RESULTS
--------------------------------------------------------------------------------

      iter         sqm energy              rms gradient
      ----    -------------------    -----------------------
xmin    10      -48.0603 kcal/mol        0.1321 kcal/(mol*A)
xmin    20      -48.1442 kcal/mol        0.1764 kcal/(mol*A)
xmin    30      -48.2008 kcal/mol        0.1047 kcal/(mol*A)
xmin    40      -48.2484 kcal/mol        0.0837 kcal/(mol*A)
xmin    50      -48.2752 kcal/mol        0.0454 kcal/(mol*A)
xmin    60      -48.2933 kcal/mol        0.0623 kcal/(mol*A)
xmin    70      -48.2970 kcal/mol        0.0168 kcal/(mol*A)
xmin    80      -48.2986 kcal/mol        0.0111 kcal/(mol*A)
xmin    90      -48.2993 kcal/mol        0.0130 kcal/(mol*A)
xmin   100      -48.2994 kcal/mol        0.0014 kcal/(mol*A)
xmin   110      -48.2995 kcal/mol        0.0019 kcal/(mol*A)
xmin   120      -48.2995 kcal/mol        0.0012 kcal/(mol*A)
xmin   120      -48.2995 kcal/mol        0.0004 kcal/(mol*A)
  ... geometry converged !
 
 Final MO eigenvalues (eV):
 -38.1255  -34.1087  -30.8526  -27.2732  -24.2413  -21.9591  -20.5611  -16.1928
 -15.7275  -15.0436  -14.6656  -14.1513  -13.6240  -13.1683  -12.7771  -12.5096
 -12.1357  -11.8511  -11.7166  -11.2079  -11.1192  -11.0350    3.6529    3.8340
   3.8878    4.1533    4.2161    4.3732    4.4791    4.5620    4.6445    4.7214
   4.7859    4.8686    4.9277    4.9771    5.0649    5.0753    5.1388    5.1922
   5.2972    5.3557    5.4349    5.4590

 Heat of formation   =        -48.29945894 kcal/mol  (       -2.09442171 eV)

 Total SCF energy    =     -25786.10068573 kcal/mol  (    -1118.16923315 eV)
 Electronic energy   =    -129675.04783356 kcal/mol  (    -5623.13203389 eV)
 Core-core repulsion =     103888.94714782 kcal/mol  (     4504.96280074 eV)
 
    Atomic Charges for Step       1 :
  Atom    Element       Mulliken Charge
     1      C                 -0.211
     2      C                 -0.159
     3      C                 -0.155
     4      C                 -0.105
     5      C                 -0.208
     6      C                 -0.157
     7      C                 -0.210
     8      H                  0.071
     9      H                  0.071
    10      H                  0.072
    11      H                  0.078
    12      H                  0.077
    13      H                  0.080
    14      H                  0.079
    15      H                  0.087
    16      H                  0.071
    17      H                  0.073
    18      H                  0.072
    19      H                  0.078
    20      H                  0.079
    21      H                  0.071
    22      H                  0.073
    23      H                  0.072
 Total Mulliken Charge =      -0.000
 
                  X        Y        Z     TOTAL  
  QM DIPOLE    -0.007   -0.002   -0.009    0.011
 
 Final Structure

  QMMM: QM Region Cartesian Coordinates (*=link atom) 
  QMMM: QM_NO.   MM_NO.  ATOM         X         Y         Z
  QMMM:     1        1      C        0.2118   -1.8684   -0.8806
  QMMM:     2        2      C        1.2871   -0.8573   -0.5755
  QMMM:     3        3      C        1.2399    0.3075   -1.5419
  QMMM:     4        4      C        2.3266    1.3367   -1.2626
  QMMM:     5        5      C        1.9609    2.1988   -0.0711
  QMMM:     6        6      C        2.5635    2.2174   -2.4837
  QMMM:     7        7      C        3.4102    1.5412   -3.5309
  QMMM:     8        8      H        0.2622   -2.7186   -0.1584
  QMMM:     9        9      H        0.3342   -2.2754   -1.9135
  QMMM:    10       10      H       -0.8005   -1.4022   -0.8065
  QMMM:    11       11      H        1.1623   -0.4831    0.4749
  QMMM:    12       12      H        2.2936   -1.3506   -0.6323
  QMMM:    13       13      H        1.3585   -0.0831   -2.5876
  QMMM:    14       14      H        0.2346    0.8021   -1.4861
  QMMM:    15       15      H        3.2840    0.7915   -1.0263
  QMMM:    16       16      H        2.7950    2.9006    0.1717
  QMMM:    17       17      H        1.7621    1.5642    0.8256
  QMMM:    18       18      H        1.0456    2.8003   -0.2888
  QMMM:    19       19      H        3.0732    3.1638   -2.1592
  QMMM:    20       20      H        1.5750    2.5100   -2.9261
  QMMM:    21       21      H        3.5611    2.2229   -4.4028
  QMMM:    22       22      H        2.9238    0.6054   -3.8981
  QMMM:    23       23      H        4.4123    1.2736   -3.1161

           --------- Calculation Completed ----------

